0 10 9 6 13 11 6 6 6 12 14 9 13 5 11 14 14 10 6 7 6 1 10 10 9 11 6 6 8 9 
16 0 14 13 20 14 13 18 12 9 19 14 15 17 16 17 19 0 13 12 13 15 15 22 14 12 13 11 15 21 
6 13 0 9 18 12 9 12 5 15 11 8 18 11 16 14 11 13 9 12 9 7 13 16 14 14 9 9 11 15 
3 4 3 0 9 5 0 9 0 6 8 3 13 8 7 10 8 4 0 3 0 2 4 13 5 5 0 0 2 12 
5 13 7 9 0 7 9 9 9 15 17 7 5 8 9 10 17 12 9 5 9 6 13 13 5 5 9 9 4 12 
4 11 6 9 16 0 9 10 3 15 17 6 17 9 11 12 17 11 9 7 9 5 13 14 9 7 9 9 3 13 
3 4 3 0 9 5 0 9 0 6 8 3 13 8 7 10 8 4 0 3 0 2 4 13 5 5 0 0 2 12 
3 4 3 0 9 5 0 0 0 6 8 3 7 8 5 10 8 4 0 3 0 2 4 10 5 5 0 0 2 3 
9 10 3 6 13 11 6 13 0 12 14 3 18 12 11 16 14 10 6 7 6 8 10 17 9 11 6 6 8 16 
7 6 5 4 13 7 4 9 4 0 10 5 14 8 7 8 10 6 4 3 4 6 6 13 5 3 4 2 6 12 
13 15 9 11 14 9 11 11 11 16 0 9 7 10 11 12 19 14 11 7 11 13 15 15 7 7 11 11 12 14 
6 13 0 9 17 8 9 10 5 15 11 0 17 9 8 14 11 11 9 4 9 7 13 14 6 14 9 9 11 13 
6 8 2 4 7 2 4 4 4 10 12 2 0 3 4 5 12 7 4 0 4 6 8 8 0 0 4 4 5 7 
4 5 4 1 8 6 1 1 1 7 9 4 8 0 6 9 9 5 1 4 1 3 5 5 6 6 1 1 3 4 
6 7 0 3 12 8 3 3 3 9 11 6 10 11 0 13 11 3 3 6 3 5 7 13 8 8 3 3 5 6 
12 8 8 10 13 8 10 10 10 16 8 8 6 9 10 0 14 8 10 6 10 12 12 14 6 6 10 8 11 13 
13 6 9 11 14 9 11 11 6 15 0 9 7 10 11 3 0 6 11 7 11 13 6 15 7 7 11 2 12 14 
17 22 15 18 25 23 18 19 12 24 26 15 26 22 16 28 26 0 18 19 18 18 22 27 21 23 18 18 20 22 
3 4 3 0 9 5 0 9 0 6 8 3 13 8 7 10 8 4 0 3 0 2 4 13 5 5 0 0 2 12 
8 10 4 6 13 4 6 6 6 12 14 9 13 5 4 14 14 7 6 0 6 8 10 10 2 11 6 6 7 9 
3 4 3 0 9 5 0 9 0 6 8 3 13 8 7 10 8 4 0 3 0 2 4 13 5 5 0 0 2 12 
12 13 10 9 18 10 9 12 9 15 17 12 16 11 10 19 17 13 9 6 9 0 13 16 8 14 9 9 11 15 
9 0 3 6 8 5 6 7 0 9 14 3 12 6 5 6 14 0 6 1 6 8 0 11 3 1 6 6 8 10 
3 2 3 0 9 5 0 7 0 6 8 3 13 6 7 8 8 2 0 3 0 2 2 0 5 3 0 0 2 10 
6 8 7 4 11 2 4 4 4 10 12 7 11 3 9 12 12 8 4 7 4 6 8 8 0 9 4 4 5 7 
8 10 2 6 13 4 6 6 6 12 13 2 11 5 4 5 13 7 6 0 6 8 10 10 2 0 6 6 7 9 
3 4 3 0 9 5 0 9 0 6 8 3 13 8 7 10 8 4 0 3 0 2 4 13 5 5 0 0 2 12 
13 4 7 10 12 9 10 11 4 13 18 7 13 10 9 10 18 4 10 5 10 12 4 15 7 5 10 0 12 14 
1 11 10 7 14 12 7 7 7 13 15 10 14 6 12 15 15 11 7 8 7 2 11 11 10 12 7 7 0 10 
8 9 2 5 11 6 5 5 5 11 10 6 4 7 2 9 13 5 5 4 5 7 9 7 4 4 5 5 7 0 
